app/manifest-merger-release-report.txt
-- Merging decision tree log ---
manifest
ADDED from AndroidManifest.xml:2:1
	package
		ADDED from AndroidManifest.xml:3:5
		INJECTED from AndroidManifest.xml:0:0
		INJECTED from AndroidManifest.xml:0:0
	android:versionName
		INJECTED from AndroidManifest.xml:0:0
		INJECTED from AndroidManifest.xml:0:0
	xmlns:android
		ADDED from AndroidManifest.xml:2:11
	android:versionCode
		INJECTED from AndroidManifest.xml:0:0
		INJECTED from AndroidManifest.xml:0:0
	android:installLocation
		ADDED from AndroidManifest.xml:4:5
application
ADDED from AndroidManifest.xml:6:5
MERGED from com.orhanobut:hawk:1.6:11:5
MERGED from com.github.traex.rippleeffect:library:1.2.2:11:5
MERGED from com.etsy.android.grid:library:1.0.5:6:5
MERGED from com.android.support:support-v4:21.0.3:16:5
MERGED from com.malinskiy:materialicons:1.0.1:12:5
MERGED from com.nhaarman.listviewanimations:lib-core:3.1.0:26:5
MERGED from com.afollestad:material-dialogs:0.6.3.5:12:5
MERGED from com.android.support:appcompat-v7:21.0.3:16:5
MERGED from com.android.support:support-v4:21.0.3:16:5
MERGED from com.android.support:recyclerview-v7:21.0.3:17:5
MERGED from com.android.support:support-v4:21.0.3:16:5
MERGED from com.github.johnpersano:supertoasts:1.3.4:5:5
MERGED from com.jpardogo.materialtabstrip:library:1.0.0:9:5
MERGED from com.android.support:support-v4:21.0.3:16:5
MERGED from com.melnykov:floatingactionbutton:1.0.4:12:5
MERGED from de.cketti.library.changelog:ckchangelog:1.2.0:10:5
MERGED from com.android.support:support-v4:21.0.3:16:5
MERGED from com.android.support:support-v4:21.0.3:16:5
MERGED from com.android.support:appcompat-v7:21.0.3:16:5
MERGED from com.android.support:support-v4:21.0.3:16:5
MERGED from com.android.support:support-v13:21.0.0:16:5
MERGED from com.android.support:support-v4:21.0.3:16:5
MERGED from EasyGTD:md:unspecified:9:5
	android:label
		ADDED from AndroidManifest.xml:10:9
	android:allowBackup
		ADDED from AndroidManifest.xml:8:9
	android:icon
		ADDED from AndroidManifest.xml:9:9
	android:theme
		ADDED from AndroidManifest.xml:11:9
	android:name
		ADDED from AndroidManifest.xml:7:9
activity#com.zncm.mxgtd.ui.MainActivity
ADDED from AndroidManifest.xml:12:9
	android:label
		ADDED from AndroidManifest.xml:14:13
	android:name
		ADDED from AndroidManifest.xml:13:13
intent-filter#android.intent.action.MAIN+android.intent.category.LAUNCHER
ADDED from AndroidManifest.xml:15:13
action#android.intent.action.MAIN
ADDED from AndroidManifest.xml:16:17
	android:name
		ADDED from AndroidManifest.xml:16:25
category#android.intent.category.LAUNCHER
ADDED from AndroidManifest.xml:18:17
	android:name
		ADDED from AndroidManifest.xml:18:27
activity#com.zncm.mxgtd.ui.MyActivity
ADDED from AndroidManifest.xml:21:9
	android:name
		ADDED from AndroidManifest.xml:21:19
activity#com.zncm.mxgtd.ui.PjActivity
ADDED from AndroidManifest.xml:22:9
	android:name
		ADDED from AndroidManifest.xml:22:19
activity#com.zncm.mxgtd.ui.RdFt
ADDED from AndroidManifest.xml:23:9
	android:name
		ADDED from AndroidManifest.xml:23:19
activity#com.zncm.mxgtd.ui.AlActivity
ADDED from AndroidManifest.xml:24:9
	android:name
		ADDED from AndroidManifest.xml:24:19
activity#com.zncm.mxgtd.ui.PjAddActivity
ADDED from AndroidManifest.xml:25:9
	android:name
		ADDED from AndroidManifest.xml:25:19
activity#com.zncm.mxgtd.ui.TkAddActivity
ADDED from AndroidManifest.xml:26:9
	android:name
		ADDED from AndroidManifest.xml:26:19
activity#com.zncm.mxgtd.ui.TaskDetailsActivity
ADDED from AndroidManifest.xml:27:9
	android:name
		ADDED from AndroidManifest.xml:27:19
activity#com.zncm.mxgtd.ui.ProjectDetailsActivity
ADDED from AndroidManifest.xml:28:9
	android:name
		ADDED from AndroidManifest.xml:28:19
activity#com.zncm.mxgtd.ui.SettingActivity
ADDED from AndroidManifest.xml:29:9
	android:name
		ADDED from AndroidManifest.xml:29:19
activity#com.zncm.mxgtd.ui.CalActivity
ADDED from AndroidManifest.xml:30:9
	android:name
		ADDED from AndroidManifest.xml:30:19
activity#com.zncm.mxgtd.ui.RemindActivity
ADDED from AndroidManifest.xml:31:9
	android:name
		ADDED from AndroidManifest.xml:31:19
activity#com.zncm.mxgtd.ui.AlbumPagerActivity
ADDED from AndroidManifest.xml:32:9
	android:name
		ADDED from AndroidManifest.xml:32:19
activity#com.zncm.mxgtd.ui.CalsActivity
ADDED from AndroidManifest.xml:33:9
	android:name
		ADDED from AndroidManifest.xml:33:19
activity#com.zncm.mxgtd.ui.ShowActivity
ADDED from AndroidManifest.xml:34:9
	android:name
		ADDED from AndroidManifest.xml:34:19
activity#com.zncm.mxgtd.ui.MySettingActivity
ADDED from AndroidManifest.xml:35:9
	android:name
		ADDED from AndroidManifest.xml:35:19
activity#com.zncm.mxgtd.ui.SearchActivity
ADDED from AndroidManifest.xml:36:9
	android:name
		ADDED from AndroidManifest.xml:36:19
activity#com.zncm.mxgtd.ui.SearchPopActivity
ADDED from AndroidManifest.xml:37:9
	android:name
		ADDED from AndroidManifest.xml:37:19
activity#com.zncm.mxgtd.ui.SumActivity
ADDED from AndroidManifest.xml:38:9
	android:name
		ADDED from AndroidManifest.xml:38:19
activity#com.zncm.mxgtd.ui.TkTimeLineActivity
ADDED from AndroidManifest.xml:39:9
	android:name
		ADDED from AndroidManifest.xml:39:19
activity#com.zncm.mxgtd.ui.TkOneDayActivity
ADDED from AndroidManifest.xml:40:9
	android:name
		ADDED from AndroidManifest.xml:40:19
activity#com.zncm.mxgtd.ui.PwdActivity
ADDED from AndroidManifest.xml:41:9
	android:name
		ADDED from AndroidManifest.xml:41:19
activity#com.zncm.mxgtd.ui.LikeActivity
ADDED from AndroidManifest.xml:42:9
	android:name
		ADDED from AndroidManifest.xml:42:19
activity#com.zncm.mxgtd.ui.TkAlbumActivity
ADDED from AndroidManifest.xml:43:9
	android:name
		ADDED from AndroidManifest.xml:43:19
activity#com.zncm.mxgtd.demo.TagActivity
ADDED from AndroidManifest.xml:44:9
	android:name
		ADDED from AndroidManifest.xml:44:19
activity#com.zncm.mxgtd.view.pick.CustomGalleryActivity
ADDED from AndroidManifest.xml:45:9
	android:name
		ADDED from AndroidManifest.xml:45:19
receiver#com.zncm.mxgtd.receiver.RemindReceiver
ADDED from AndroidManifest.xml:47:9
	android:name
		ADDED from AndroidManifest.xml:47:19
receiver#com.zncm.mxgtd.widget.RemindWidget
ADDED from AndroidManifest.xml:48:9
	android:name
		ADDED from AndroidManifest.xml:48:19
intent-filter#android.appwidget.action.APPWIDGET_UPDATE
ADDED from AndroidManifest.xml:49:13
action#android.appwidget.action.APPWIDGET_UPDATE
ADDED from AndroidManifest.xml:50:17
	android:name
		ADDED from AndroidManifest.xml:50:25
meta-data#android.appwidget.provider
ADDED from AndroidManifest.xml:52:13
	android:resource
		ADDED from AndroidManifest.xml:54:17
	android:name
		ADDED from AndroidManifest.xml:53:17
receiver#com.zncm.mxgtd.widget.TimeLineTaskWidget
ADDED from AndroidManifest.xml:57:9
	android:name
		ADDED from AndroidManifest.xml:57:19
receiver#com.zncm.mxgtd.widget.TaskBroadcastReceiver
ADDED from AndroidManifest.xml:66:9
	android:name
		ADDED from AndroidManifest.xml:66:19
intent-filter#com.zncm.mxgtd.TASK_ADD_ACTION
ADDED from AndroidManifest.xml:67:13
action#com.zncm.mxgtd.TASK_ADD_ACTION
ADDED from AndroidManifest.xml:68:17
	android:name
		ADDED from AndroidManifest.xml:68:25
receiver#com.zncm.mxgtd.widget.RemindBroadcastReceiver
ADDED from AndroidManifest.xml:71:9
	android:name
		ADDED from AndroidManifest.xml:71:19
intent-filter#com.zncm.mxgtd.REMIND_ADD_ACTION
ADDED from AndroidManifest.xml:72:13
action#com.zncm.mxgtd.REMIND_ADD_ACTION
ADDED from AndroidManifest.xml:73:17
	android:name
		ADDED from AndroidManifest.xml:73:25
service#com.zncm.mxgtd.widget.UpdateService
ADDED from AndroidManifest.xml:78:9
	android:exported
		ADDED from AndroidManifest.xml:81:13
	android:permission
		ADDED from AndroidManifest.xml:80:13
	android:name
		ADDED from AndroidManifest.xml:79:13
service#com.zncm.mxgtd.widget.RemindUpdateService
ADDED from AndroidManifest.xml:84:9
	android:exported
		ADDED from AndroidManifest.xml:87:13
	android:permission
		ADDED from AndroidManifest.xml:86:13
	android:name
		ADDED from AndroidManifest.xml:85:13
meta-data#UMENG_APPKEY
ADDED from AndroidManifest.xml:91:9
	android:value
		ADDED from AndroidManifest.xml:93:13
	android:name
		ADDED from AndroidManifest.xml:92:13
meta-data#UMENG_CHANNEL
ADDED from AndroidManifest.xml:94:9
	android:value
		ADDED from AndroidManifest.xml:96:13
	android:name
		ADDED from AndroidManifest.xml:95:13
service#com.umeng.update.net.DownloadingService
ADDED from AndroidManifest.xml:98:9
	android:process
		ADDED from AndroidManifest.xml:100:13
	android:name
		ADDED from AndroidManifest.xml:99:13
activity#com.umeng.update.UpdateDialogActivity
ADDED from AndroidManifest.xml:102:9
	android:theme
		ADDED from AndroidManifest.xml:104:13
	android:name
		ADDED from AndroidManifest.xml:103:13
activity#com.umeng.fb.ConversationActivity
ADDED from AndroidManifest.xml:105:9
	android:theme
		ADDED from AndroidManifest.xml:107:13
	android:name
		ADDED from AndroidManifest.xml:106:13
activity#com.umeng.fb.ContactActivity
ADDED from AndroidManifest.xml:108:9
	android:theme
		ADDED from AndroidManifest.xml:110:13
	android:name
		ADDED from AndroidManifest.xml:109:13
uses-permission#android.permission.VIBRATE
ADDED from AndroidManifest.xml:117:5
	android:name
		ADDED from AndroidManifest.xml:117:22
uses-permission#android.permission.INTERNET
ADDED from AndroidManifest.xml:120:5
	android:name
		ADDED from AndroidManifest.xml:120:22
uses-permission#android.permission.ACCESS_NETWORK_STATE
ADDED from AndroidManifest.xml:121:5
	android:name
		ADDED from AndroidManifest.xml:121:22
uses-permission#android.permission.ACCESS_WIFI_STATE
ADDED from AndroidManifest.xml:122:5
	android:name
		ADDED from AndroidManifest.xml:122:22
uses-permission#android.permission.READ_PHONE_STATE
ADDED from AndroidManifest.xml:123:5
	android:name
		ADDED from AndroidManifest.xml:123:22
uses-permission#android.permission.WRITE_EXTERNAL_STORAGE
ADDED from AndroidManifest.xml:124:5
	android:name
		ADDED from AndroidManifest.xml:124:22
uses-permission#android.permission.SYSTEM_ALERT_WINDOW
ADDED from AndroidManifest.xml:125:5
	android:name
		ADDED from AndroidManifest.xml:125:22
uses-permission#android.permission.SET_WALLPAPER
ADDED from AndroidManifest.xml:126:5
	android:name
		ADDED from AndroidManifest.xml:126:22
uses-permission#android.permission.GET_TASKS
ADDED from AndroidManifest.xml:127:5
	android:name
		ADDED from AndroidManifest.xml:127:22
uses-permission#com.android.launcher.permission.INSTALL_SHORTCUT
ADDED from AndroidManifest.xml:128:5
	android:name
		ADDED from AndroidManifest.xml:128:22
uses-sdk
INJECTED from AndroidManifest.xml:0:0 reason: use-sdk injection requested
MERGED from com.orhanobut:hawk:1.6:7:5
MERGED from me.gujun.android.taggroup:library:1.1:6:5
MERGED from com.ToxicBakery.viewpager.transforms:view-pager-transforms:1.0.0:23:5
MERGED from com.github.traex.rippleeffect:library:1.2.2:7:5
MERGED from com.etsy.android.grid:library:1.0.5:4:5
MERGED from com.android.support:support-v4:21.0.3:15:5
MERGED from com.github.mrengineer13:snackbar:0.4.0:8:5
MERGED from com.malinskiy:materialicons:1.0.1:8:5
MERGED from com.nhaarman.listviewanimations:lib-core:3.1.0:22:5
MERGED from com.afollestad:material-dialogs:0.6.3.5:8:5
MERGED from com.android.support:appcompat-v7:21.0.3:15:5
MERGED from com.android.support:support-v4:21.0.3:15:5
MERGED from com.android.support:recyclerview-v7:21.0.3:15:5
MERGED from com.android.support:support-v4:21.0.3:15:5
MERGED from com.github.johnpersano:supertoasts:1.3.4:3:5
MERGED from com.jpardogo.materialtabstrip:library:1.0.0:5:5
MERGED from com.android.support:support-v4:21.0.3:15:5
MERGED from com.melnykov:floatingactionbutton:1.0.4:8:5
MERGED from de.cketti.library.changelog:ckchangelog:1.2.0:6:5
MERGED from com.github.flavienlaurent.datetimepicker:library:0.0.1:3:5
MERGED from com.android.support:support-v4:21.0.3:15:5
MERGED from com.android.support:support-v4:21.0.3:15:5
MERGED from com.android.support:appcompat-v7:21.0.3:15:5
MERGED from com.android.support:support-v4:21.0.3:15:5
MERGED from com.android.support:support-v13:21.0.0:15:5
MERGED from com.android.support:support-v4:21.0.3:15:5
MERGED from EasyGTD:androidtimessquare:unspecified:7:5
MERGED from EasyGTD:md:unspecified:5:5
	android:targetSdkVersion
		INJECTED from AndroidManifest.xml:0:0
		INJECTED from AndroidManifest.xml:0:0
	android:minSdkVersion
		INJECTED from AndroidManifest.xml:0:0
		INJECTED from AndroidManifest.xml:0:0
activity#android.support.v7.widget.TestActivity
ADDED from com.android.support:recyclerview-v7:21.0.3:18:9
	android:label
		ADDED from com.android.support:recyclerview-v7:21.0.3:18:19
	android:name
		ADDED from com.android.support:recyclerview-v7:21.0.3:18:60